# JRE version: OpenJDK Runtime Environment Temurin-21.0.5+11 (21.0.5+11) (build 21.0.5+11-LTS)
# Java VM: OpenJDK 64-Bit Server VM Temurin-21.0.5+11 (21.0.5+11-LTS, mixed mode, sharing, tiered, compressed oops, compressed class ptrs, parallel gc, windows-amd64)
GC Precious Log:
 CardTable entry size: 512
 CPUs: 12 total, 12 available
 Memory: 16057M
 Large Page Support: Disabled
 NUMA Support: Disabled
 Compressed Oops: Enabled (32-bit)
 Alignments: Space 512K, Generation 512K, Heap 2M
 Heap Min Capacity: 100M
 Heap Initial Capacity: 100M
 Heap Max Capacity: 1G
 Pre-touch: Disabled
 Parallel Workers: 10
Heap:
 PSYoungGen      total 10240K, used 10230K [0x00000000eab00000, 0x00000000eb780000, 0x0000000100000000)
  eden space 7680K, 100% used [0x00000000eab00000,0x00000000eb280000,0x00000000eb280000)
  from space 2560K, 99% used [0x00000000eb280000,0x00000000eb4fd888,0x00000000eb500000)
  to   space 2560K, 87% used [0x00000000eb500000,0x00000000eb730770,0x00000000eb780000)
 ParOldGen       total 305152K, used 305148K [0x00000000c0000000, 0x00000000d2a00000, 0x00000000eab00000)
  object space 305152K, 99% used [0x00000000c0000000,0x00000000d29ff270,0x00000000d2a00000)
 Metaspace       used 63202K, committed 64512K, reserved 1114112K
  class space    used 6598K, committed 7168K, reserved 1048576K
GC Heap History (20 events):
Event: 15.337 GC heap before
{Heap before GC invocations=229 (full 3):
 PSYoungGen      total 5632K, used 5329K [0x00000000eab00000, 0x00000000eb300000, 0x0000000100000000)
  eden space 4096K, 100% used [0x00000000eab00000,0x00000000eaf00000,0x00000000eaf00000)
  from space 1536K, 80% used [0x00000000eaf00000,0x00000000eb034530,0x00000000eb080000)
  to   space 1536K, 0% used [0x00000000eb180000,0x00000000eb180000,0x00000000eb300000)
 ParOldGen       total 283648K, used 283176K [0x00000000c0000000, 0x00000000d1500000, 0x00000000eab00000)
  object space 283648K, 99% used [0x00000000c0000000,0x00000000d148a260,0x00000000d1500000)
 Metaspace       used 63148K, committed 64448K, reserved 1114112K
  class space    used 6597K, committed 7168K, reserved 1048576K
}
Event: 15.341 GC heap after
{Heap after GC invocations=229 (full 3):
 PSYoungGen      total 6656K, used 1345K [0x00000000eab00000, 0x00000000eb300000, 0x0000000100000000)
  eden space 5120K, 0% used [0x00000000eab00000,0x00000000eab00000,0x00000000eb000000)
  from space 1536K, 87% used [0x00000000eb180000,0x00000000eb2d0750,0x00000000eb300000)
  to   space 1536K, 0% used [0x00000000eb000000,0x00000000eb000000,0x00000000eb180000)
 ParOldGen       total 284672K, used 284276K [0x00000000c0000000, 0x00000000d1600000, 0x00000000eab00000)
  object space 284672K, 99% used [0x00000000c0000000,0x00000000d159d0a8,0x00000000d1600000)
 Metaspace       used 63148K, committed 64448K, reserved 1114112K
  class space    used 6597K, committed 7168K, reserved 1048576K
}
Event: 15.353 GC heap before
{Heap before GC invocations=230 (full 3):
 PSYoungGen      total 6656K, used 6465K [0x00000000eab00000, 0x00000000eb300000, 0x0000000100000000)
  eden space 5120K, 100% used [0x00000000eab00000,0x00000000eb000000,0x00000000eb000000)
  from space 1536K, 87% used [0x00000000eb180000,0x00000000eb2d0750,0x00000000eb300000)
  to   space 1536K, 0% used [0x00000000eb000000,0x00000000eb000000,0x00000000eb180000)
 ParOldGen       total 284672K, used 284276K [0x00000000c0000000, 0x00000000d1600000, 0x00000000eab00000)
  object space 284672K, 99% used [0x00000000c0000000,0x00000000d159d0a8,0x00000000d1600000)
 Metaspace       used 63150K, committed 64448K, reserved 1114112K
  class space    used 6597K, committed 7168K, reserved 1048576K
}
Event: 15.356 GC heap after
{Heap after GC invocations=230 (full 3):
 PSYoungGen      total 6656K, used 1528K [0x00000000eab00000, 0x00000000eb700000, 0x0000000100000000)
  eden space 5120K, 0% used [0x00000000eab00000,0x00000000eab00000,0x00000000eb000000)
  from space 1536K, 99% used [0x00000000eb000000,0x00000000eb17e220,0x00000000eb180000)
  to   space 3072K, 0% used [0x00000000eb400000,0x00000000eb400000,0x00000000eb700000)
 ParOldGen       total 285696K, used 285489K [0x00000000c0000000, 0x00000000d1700000, 0x00000000eab00000)
  object space 285696K, 99% used [0x00000000c0000000,0x00000000d16cc688,0x00000000d1700000)
 Metaspace       used 63150K, committed 64448K, reserved 1114112K
  class space    used 6597K, committed 7168K, reserved 1048576K
}
Event: 15.369 GC heap before
{Heap before GC invocations=231 (full 3):
 PSYoungGen      total 6656K, used 6598K [0x00000000eab00000, 0x00000000eb700000, 0x0000000100000000)
  eden space 5120K, 99% used [0x00000000eab00000,0x00000000eaff3958,0x00000000eb000000)
  from space 1536K, 99% used [0x00000000eb000000,0x00000000eb17e220,0x00000000eb180000)
  to   space 3072K, 0% used [0x00000000eb400000,0x00000000eb400000,0x00000000eb700000)
 ParOldGen       total 285696K, used 285489K [0x00000000c0000000, 0x00000000d1700000, 0x00000000eab00000)
  object space 285696K, 99% used [0x00000000c0000000,0x00000000d16cc688,0x00000000d1700000)
 Metaspace       used 63156K, committed 64448K, reserved 1114112K
  class space    used 6597K, committed 7168K, reserved 1048576K
}
Event: 15.372 GC heap after
{Heap after GC invocations=231 (full 3):
 PSYoungGen      total 8192K, used 1889K [0x00000000eab00000, 0x00000000eb600000, 0x0000000100000000)
  eden space 6144K, 0% used [0x00000000eab00000,0x00000000eab00000,0x00000000eb100000)
  from space 2048K, 92% used [0x00000000eb400000,0x00000000eb5d86a0,0x00000000eb600000)
  to   space 2560K, 0% used [0x00000000eb100000,0x00000000eb100000,0x00000000eb380000)
 ParOldGen       total 287232K, used 286919K [0x00000000c0000000, 0x00000000d1880000, 0x00000000eab00000)
  object space 287232K, 99% used [0x00000000c0000000,0x00000000d1831f60,0x00000000d1880000)
 Metaspace       used 63156K, committed 64448K, reserved 1114112K
  class space    used 6597K, committed 7168K, reserved 1048576K
}
Event: 15.389 GC heap before
{Heap before GC invocations=232 (full 3):
 PSYoungGen      total 8192K, used 8011K [0x00000000eab00000, 0x00000000eb600000, 0x0000000100000000)
  eden space 6144K, 99% used [0x00000000eab00000,0x00000000eb0fa778,0x00000000eb100000)
  from space 2048K, 92% used [0x00000000eb400000,0x00000000eb5d86a0,0x00000000eb600000)
  to   space 2560K, 0% used [0x00000000eb100000,0x00000000eb100000,0x00000000eb380000)
 ParOldGen       total 287232K, used 286919K [0x00000000c0000000, 0x00000000d1880000, 0x00000000eab00000)
  object space 287232K, 99% used [0x00000000c0000000,0x00000000d1831f60,0x00000000d1880000)
 Metaspace       used 63162K, committed 64448K, reserved 1114112K
  class space    used 6597K, committed 7168K, reserved 1048576K
}
Event: 15.392 GC heap after
{Heap after GC invocations=232 (full 3):
 PSYoungGen      total 8704K, used 2231K [0x00000000eab00000, 0x00000000eb600000, 0x0000000100000000)
  eden space 6144K, 0% used [0x00000000eab00000,0x00000000eab00000,0x00000000eb100000)
  from space 2560K, 87% used [0x00000000eb100000,0x00000000eb32de20,0x00000000eb380000)
  to   space 2560K, 0% used [0x00000000eb380000,0x00000000eb380000,0x00000000eb600000)
 ParOldGen       total 288768K, used 288647K [0x00000000c0000000, 0x00000000d1a00000, 0x00000000eab00000)
  object space 288768K, 99% used [0x00000000c0000000,0x00000000d19e1cb8,0x00000000d1a00000)
 Metaspace       used 63162K, committed 64448K, reserved 1114112K
  class space    used 6597K, committed 7168K, reserved 1048576K
}
Event: 15.402 GC heap before
{Heap before GC invocations=233 (full 3):
 PSYoungGen      total 8704K, used 8366K [0x00000000eab00000, 0x00000000eb600000, 0x0000000100000000)
  eden space 6144K, 99% used [0x00000000eab00000,0x00000000eb0fda98,0x00000000eb100000)
  from space 2560K, 87% used [0x00000000eb100000,0x00000000eb32de20,0x00000000eb380000)
  to   space 2560K, 0% used [0x00000000eb380000,0x00000000eb380000,0x00000000eb600000)
 ParOldGen       total 288768K, used 288647K [0x00000000c0000000, 0x00000000d1a00000, 0x00000000eab00000)
  object space 288768K, 99% used [0x00000000c0000000,0x00000000d19e1cb8,0x00000000d1a00000)
 Metaspace       used 63168K, committed 64448K, reserved 1114112K
  class space    used 6597K, committed 7168K, reserved 1048576K
}
Event: 15.407 GC heap after
{Heap after GC invocations=233 (full 3):
 PSYoungGen      total 8704K, used 2211K [0x00000000eab00000, 0x00000000eb780000, 0x0000000100000000)
  eden space 6144K, 0% used [0x00000000eab00000,0x00000000eab00000,0x00000000eb100000)
  from space 2560K, 86% used [0x00000000eb380000,0x00000000eb5a8d60,0x00000000eb600000)
  to   space 2560K, 0% used [0x00000000eb100000,0x00000000eb100000,0x00000000eb380000)
 ParOldGen       total 290816K, used 290724K [0x00000000c0000000, 0x00000000d1c00000, 0x00000000eab00000)
  object space 290816K, 99% used [0x00000000c0000000,0x00000000d1be91d0,0x00000000d1c00000)
 Metaspace       used 63168K, committed 64448K, reserved 1114112K
  class space    used 6597K, committed 7168K, reserved 1048576K
}
Event: 15.421 GC heap before
{Heap before GC invocations=234 (full 3):
 PSYoungGen      total 8704K, used 8355K [0x00000000eab00000, 0x00000000eb780000, 0x0000000100000000)
  eden space 6144K, 100% used [0x00000000eab00000,0x00000000eb100000,0x00000000eb100000)
  from space 2560K, 86% used [0x00000000eb380000,0x00000000eb5a8d60,0x00000000eb600000)
  to   space 2560K, 0% used [0x00000000eb100000,0x00000000eb100000,0x00000000eb380000)
 ParOldGen       total 290816K, used 290724K [0x00000000c0000000, 0x00000000d1c00000, 0x00000000eab00000)
  object space 290816K, 99% used [0x00000000c0000000,0x00000000d1be91d0,0x00000000d1c00000)
 Metaspace       used 63173K, committed 64448K, reserved 1114112K
  class space    used 6597K, committed 7168K, reserved 1048576K
}
Event: 15.425 GC heap after
{Heap after GC invocations=234 (full 3):
 PSYoungGen      total 8704K, used 2261K [0x00000000eab00000, 0x00000000eb780000, 0x0000000100000000)
  eden space 6144K, 0% used [0x00000000eab00000,0x00000000eab00000,0x00000000eb100000)
  from space 2560K, 88% used [0x00000000eb100000,0x00000000eb335658,0x00000000eb380000)
  to   space 2560K, 0% used [0x00000000eb500000,0x00000000eb500000,0x00000000eb780000)
 ParOldGen       total 292864K, used 292784K [0x00000000c0000000, 0x00000000d1e00000, 0x00000000eab00000)
  object space 292864K, 99% used [0x00000000c0000000,0x00000000d1dec020,0x00000000d1e00000)
 Metaspace       used 63173K, committed 64448K, reserved 1114112K
  class space    used 6597K, committed 7168K, reserved 1048576K
}
Event: 15.437 GC heap before
{Heap before GC invocations=235 (full 3):
 PSYoungGen      total 8704K, used 8405K [0x00000000eab00000, 0x00000000eb780000, 0x0000000100000000)
  eden space 6144K, 100% used [0x00000000eab00000,0x00000000eb100000,0x00000000eb100000)
  from space 2560K, 88% used [0x00000000eb100000,0x00000000eb335658,0x00000000eb380000)
  to   space 2560K, 0% used [0x00000000eb500000,0x00000000eb500000,0x00000000eb780000)
 ParOldGen       total 292864K, used 292784K [0x00000000c0000000, 0x00000000d1e00000, 0x00000000eab00000)
  object space 292864K, 99% used [0x00000000c0000000,0x00000000d1dec020,0x00000000d1e00000)
 Metaspace       used 63178K, committed 64448K, reserved 1114112K
  class space    used 6597K, committed 7168K, reserved 1048576K
}
Event: 15.441 GC heap after
{Heap after GC invocations=235 (full 3):
 PSYoungGen      total 10240K, used 2507K [0x00000000eab00000, 0x00000000eb780000, 0x0000000100000000)
  eden space 7680K, 0% used [0x00000000eab00000,0x00000000eab00000,0x00000000eb280000)
  from space 2560K, 97% used [0x00000000eb500000,0x00000000eb772c50,0x00000000eb780000)
  to   space 2560K, 0% used [0x00000000eb280000,0x00000000eb280000,0x00000000eb500000)
 ParOldGen       total 294912K, used 294876K [0x00000000c0000000, 0x00000000d2000000, 0x00000000eab00000)
  object space 294912K, 99% used [0x00000000c0000000,0x00000000d1ff7328,0x00000000d2000000)
 Metaspace       used 63178K, committed 64448K, reserved 1114112K
  class space    used 6597K, committed 7168K, reserved 1048576K
}
Event: 15.451 GC heap before
{Heap before GC invocations=236 (full 3):
 PSYoungGen      total 10240K, used 10187K [0x00000000eab00000, 0x00000000eb780000, 0x0000000100000000)
  eden space 7680K, 100% used [0x00000000eab00000,0x00000000eb280000,0x00000000eb280000)
  from space 2560K, 97% used [0x00000000eb500000,0x00000000eb772c50,0x00000000eb780000)
  to   space 2560K, 0% used [0x00000000eb280000,0x00000000eb280000,0x00000000eb500000)
 ParOldGen       total 294912K, used 294876K [0x00000000c0000000, 0x00000000d2000000, 0x00000000eab00000)
  object space 294912K, 99% used [0x00000000c0000000,0x00000000d1ff7328,0x00000000d2000000)
 Metaspace       used 63178K, committed 64448K, reserved 1114112K
  class space    used 6597K, committed 7168K, reserved 1048576K
}
Event: 15.456 GC heap after
{Heap after GC invocations=236 (full 3):
 PSYoungGen      total 10240K, used 2557K [0x00000000eab00000, 0x00000000eb780000, 0x0000000100000000)
  eden space 7680K, 0% used [0x00000000eab00000,0x00000000eab00000,0x00000000eb280000)
  from space 2560K, 99% used [0x00000000eb280000,0x00000000eb4ff440,0x00000000eb500000)
  to   space 2560K, 0% used [0x00000000eb500000,0x00000000eb500000,0x00000000eb780000)
 ParOldGen       total 297984K, used 297518K [0x00000000c0000000, 0x00000000d2300000, 0x00000000eab00000)
  object space 297984K, 99% used [0x00000000c0000000,0x00000000d228b8c8,0x00000000d2300000)
 Metaspace       used 63178K, committed 64448K, reserved 1114112K
  class space    used 6597K, committed 7168K, reserved 1048576K
}
Event: 15.466 GC heap before
{Heap before GC invocations=237 (full 3):
 PSYoungGen      total 10240K, used 10237K [0x00000000eab00000, 0x00000000eb780000, 0x0000000100000000)
  eden space 7680K, 100% used [0x00000000eab00000,0x00000000eb280000,0x00000000eb280000)
  from space 2560K, 99% used [0x00000000eb280000,0x00000000eb4ff440,0x00000000eb500000)
  to   space 2560K, 0% used [0x00000000eb500000,0x00000000eb500000,0x00000000eb780000)
 ParOldGen       total 297984K, used 297518K [0x00000000c0000000, 0x00000000d2300000, 0x00000000eab00000)
  object space 297984K, 99% used [0x00000000c0000000,0x00000000d228b8c8,0x00000000d2300000)
 Metaspace       used 63180K, committed 64512K, reserved 1114112K
  class space    used 6598K, committed 7168K, reserved 1048576K
}
Event: 15.470 GC heap after
{Heap after GC invocations=237 (full 3):
 PSYoungGen      total 10240K, used 2549K [0x00000000eab00000, 0x00000000eb780000, 0x0000000100000000)
  eden space 7680K, 0% used [0x00000000eab00000,0x00000000eab00000,0x00000000eb280000)
  from space 2560K, 99% used [0x00000000eb500000,0x00000000eb77d600,0x00000000eb780000)
  to   space 2560K, 0% used [0x00000000eb280000,0x00000000eb280000,0x00000000eb500000)
 ParOldGen       total 300544K, used 300514K [0x00000000c0000000, 0x00000000d2580000, 0x00000000eab00000)
  object space 300544K, 99% used [0x00000000c0000000,0x00000000d2578bd8,0x00000000d2580000)
 Metaspace       used 63180K, committed 64512K, reserved 1114112K
  class space    used 6598K, committed 7168K, reserved 1048576K
}
Event: 15.486 GC heap before
{Heap before GC invocations=238 (full 3):
 PSYoungGen      total 10240K, used 10229K [0x00000000eab00000, 0x00000000eb780000, 0x0000000100000000)
  eden space 7680K, 100% used [0x00000000eab00000,0x00000000eb280000,0x00000000eb280000)
  from space 2560K, 99% used [0x00000000eb500000,0x00000000eb77d600,0x00000000eb780000)
  to   space 2560K, 0% used [0x00000000eb280000,0x00000000eb280000,0x00000000eb500000)
 ParOldGen       total 300544K, used 300514K [0x00000000c0000000, 0x00000000d2580000, 0x00000000eab00000)
  object space 300544K, 99% used [0x00000000c0000000,0x00000000d2578bd8,0x00000000d2580000)
 Metaspace       used 63183K, committed 64512K, reserved 1114112K
  class space    used 6598K, committed 7168K, reserved 1048576K
}
Event: 15.490 GC heap after
{Heap after GC invocations=238 (full 3):
 PSYoungGen      total 10240K, used 2550K [0x00000000eab00000, 0x00000000eb780000, 0x0000000100000000)
  eden space 7680K, 0% used [0x00000000eab00000,0x00000000eab00000,0x00000000eb280000)
  from space 2560K, 99% used [0x00000000eb280000,0x00000000eb4fd888,0x00000000eb500000)
  to   space 2560K, 0% used [0x00000000eb500000,0x00000000eb500000,0x00000000eb780000)
 ParOldGen       total 303104K, used 303043K [0x00000000c0000000, 0x00000000d2800000, 0x00000000eab00000)
  object space 303104K, 99% used [0x00000000c0000000,0x00000000d27f0df8,0x00000000d2800000)
 Metaspace       used 63183K, committed 64512K, reserved 1114112K
  class space    used 6598K, committed 7168K, reserved 1048576K
}

